[main] WARN  org.jboss.resteasy.plugins.providers.RegisterBuiltin  - ClassNotFoundException: Unable to load builtin provider: org.jboss.resteasy.plugins.providers.SourceProvider
[main] WARN  org.jboss.resteasy.plugins.providers.RegisterBuiltin  - ClassNotFoundException: Unable to load builtin provider: org.jboss.resteasy.plugins.providers.ReaderProvider
[main] WARN  org.jboss.resteasy.plugins.providers.RegisterBuiltin  - ClassNotFoundException: Unable to load builtin provider: org.jboss.resteasy.plugins.providers.JaxrsFormProvider
[main] WARN  org.jboss.resteasy.plugins.providers.RegisterBuiltin  - ClassNotFoundException: Unable to load builtin provider: org.jboss.resteasy.plugins.providers.FileRangeWriter
[main] WARN  org.jboss.resteasy.plugins.providers.RegisterBuiltin  - ClassNotFoundException: Unable to load builtin provider: org.jboss.resteasy.plugins.providers.SerializableProvider
[main] WARN  org.jboss.resteasy.plugins.providers.RegisterBuiltin  - ClassNotFoundException: Unable to load builtin provider: org.jboss.resteasy.plugins.interceptors.CacheControlFeature
[main] WARN  org.jboss.resteasy.plugins.providers.RegisterBuiltin  - ClassNotFoundException: Unable to load builtin provider: org.jboss.resteasy.plugins.interceptors.encoding.AcceptEncodingGZIPFilter
[main] WARN  org.jboss.resteasy.plugins.providers.RegisterBuiltin  - ClassNotFoundException: Unable to load builtin provider: org.jboss.resteasy.plugins.interceptors.encoding.ClientContentEncodingAnnotationFeature
[main] WARN  org.jboss.resteasy.plugins.providers.RegisterBuiltin  - ClassNotFoundException: Unable to load builtin provider: org.jboss.resteasy.plugins.interceptors.encoding.ServerContentEncodingAnnotationFeature
[main] DEBUG org.jboss.resteasy.core.SynchronousDispatcher  - PathInfo: /context/1/bleujin
[main] DEBUG org.jboss.resteasy.core.SynchronousDispatcher  - PathInfo: /context/2/bleujin
[main] WARN  org.jboss.resteasy.core.SynchronousDispatcher  - Failed executing GET /context/2/bleujin
org.jboss.resteasy.spi.InternalServerErrorException: Unknown @ContextParam: not for request context: 
	at net.ion.radon.core.ContextParamInjector.inject(ContextParamInjector.java:49)
	at org.jboss.resteasy.core.MethodInjectorImpl.injectArguments(MethodInjectorImpl.java:119)
	at org.jboss.resteasy.core.MethodInjectorImpl.invoke(MethodInjectorImpl.java:135)
	at org.jboss.resteasy.core.ResourceMethod.invokeOnTarget(ResourceMethod.java:235)
	at org.jboss.resteasy.core.ResourceMethod.invoke(ResourceMethod.java:202)
	at org.jboss.resteasy.core.ResourceMethod.invoke(ResourceMethod.java:193)
	at org.jboss.resteasy.core.SynchronousDispatcher.getResponse(SynchronousDispatcher.java:438)
	at org.jboss.resteasy.core.SynchronousDispatcher.invoke(SynchronousDispatcher.java:425)
	at org.jboss.resteasy.core.SynchronousDispatcher.invoke(SynchronousDispatcher.java:111)
	at net.ion.radon.core.let.PathHandler.handleHttpRequest(PathHandler.java:42)
	at net.ion.radon.client.FakeRequest.handle(FakeRequest.java:63)
	at net.ion.radon.client.FakeRequest.get(FakeRequest.java:23)
	at net.ion.radon.core.TestContextParam.testContextMethodInjector(TestContextParam.java:27)
	at sun.reflect.NativeMethodAccessorImpl.invoke0(Native Method)
	at sun.reflect.NativeMethodAccessorImpl.invoke(NativeMethodAccessorImpl.java:39)
	at sun.reflect.DelegatingMethodAccessorImpl.invoke(DelegatingMethodAccessorImpl.java:25)
	at java.lang.reflect.Method.invoke(Method.java:597)
	at junit.framework.TestCase.runTest(TestCase.java:176)
	at junit.framework.TestCase.runBare(TestCase.java:141)
	at junit.framework.TestResult$1.protect(TestResult.java:122)
	at junit.framework.TestResult.runProtected(TestResult.java:142)
	at junit.framework.TestResult.run(TestResult.java:125)
	at junit.framework.TestCase.run(TestCase.java:129)
	at junit.framework.TestSuite.runTest(TestSuite.java:255)
	at junit.framework.TestSuite.run(TestSuite.java:250)
	at org.junit.internal.runners.JUnit38ClassRunner.run(JUnit38ClassRunner.java:84)
	at org.eclipse.jdt.internal.junit4.runner.JUnit4TestReference.run(JUnit4TestReference.java:50)
	at org.eclipse.jdt.internal.junit.runner.TestExecution.run(TestExecution.java:38)
	at org.eclipse.jdt.internal.junit.runner.RemoteTestRunner.runTests(RemoteTestRunner.java:467)
	at org.eclipse.jdt.internal.junit.runner.RemoteTestRunner.runTests(RemoteTestRunner.java:683)
	at org.eclipse.jdt.internal.junit.runner.RemoteTestRunner.run(RemoteTestRunner.java:390)
	at org.eclipse.jdt.internal.junit.runner.RemoteTestRunner.main(RemoteTestRunner.java:197)
[main] DEBUG org.jboss.resteasy.core.SynchronousDispatcher  - PathInfo: /context/2/bleujin
[main] WARN  org.jboss.resteasy.core.SynchronousDispatcher  - Failed executing GET /context/2/bleujin
org.jboss.resteasy.spi.InternalServerErrorException: Unknown @ContextParam: not for request context: 
	at net.ion.radon.core.ContextParamInjector.inject(ContextParamInjector.java:49)
	at org.jboss.resteasy.core.MethodInjectorImpl.injectArguments(MethodInjectorImpl.java:119)
	at org.jboss.resteasy.core.MethodInjectorImpl.invoke(MethodInjectorImpl.java:135)
	at org.jboss.resteasy.core.ResourceMethod.invokeOnTarget(ResourceMethod.java:235)
	at org.jboss.resteasy.core.ResourceMethod.invoke(ResourceMethod.java:202)
	at org.jboss.resteasy.core.ResourceMethod.invoke(ResourceMethod.java:193)
	at org.jboss.resteasy.core.SynchronousDispatcher.getResponse(SynchronousDispatcher.java:438)
	at org.jboss.resteasy.core.SynchronousDispatcher.invoke(SynchronousDispatcher.java:425)
	at org.jboss.resteasy.core.SynchronousDispatcher.invoke(SynchronousDispatcher.java:111)
	at net.ion.radon.core.let.PathHandler.handleHttpRequest(PathHandler.java:42)
	at net.ion.radon.client.FakeRequest.handle(FakeRequest.java:63)
	at net.ion.radon.client.FakeRequest.get(FakeRequest.java:23)
	at net.ion.radon.core.TestContextParam.testContextMethodInjector(TestContextParam.java:27)
	at sun.reflect.NativeMethodAccessorImpl.invoke0(Native Method)
	at sun.reflect.NativeMethodAccessorImpl.invoke(NativeMethodAccessorImpl.java:39)
	at sun.reflect.DelegatingMethodAccessorImpl.invoke(DelegatingMethodAccessorImpl.java:25)
	at java.lang.reflect.Method.invoke(Method.java:597)
	at junit.framework.TestCase.runTest(TestCase.java:176)
	at junit.framework.TestCase.runBare(TestCase.java:141)
	at junit.framework.TestResult$1.protect(TestResult.java:122)
	at junit.framework.TestResult.runProtected(TestResult.java:142)
	at junit.framework.TestResult.run(TestResult.java:125)
	at junit.framework.TestCase.run(TestCase.java:129)
	at junit.framework.TestSuite.runTest(TestSuite.java:255)
	at junit.framework.TestSuite.run(TestSuite.java:250)
	at org.junit.internal.runners.JUnit38ClassRunner.run(JUnit38ClassRunner.java:84)
	at org.eclipse.jdt.internal.junit4.runner.JUnit4TestReference.run(JUnit4TestReference.java:50)
	at org.eclipse.jdt.internal.junit.runner.TestExecution.run(TestExecution.java:38)
	at org.eclipse.jdt.internal.junit.runner.RemoteTestRunner.runTests(RemoteTestRunner.java:467)
	at org.eclipse.jdt.internal.junit.runner.RemoteTestRunner.runTests(RemoteTestRunner.java:683)
	at org.eclipse.jdt.internal.junit.runner.RemoteTestRunner.run(RemoteTestRunner.java:390)
	at org.eclipse.jdt.internal.junit.runner.RemoteTestRunner.main(RemoteTestRunner.java:197)
